<?xml version="1.0" encoding="UTF-8"?>
<testsuite xmlns:xsi="http://www.w3.org/2001/XMLSchema-instance" xsi:noNamespaceSchemaLocation="https://maven.apache.org/surefire/maven-surefire-plugin/xsd/surefire-test-report.xsd" name="com.selenium.AppTest" time="13.074" tests="2" errors="0" skipped="0" failures="0">
  <properties>
[...]
</properties>
  <testcase name="search" classname="com.selenium.AppTest" time="8.907"/>
  <testcase name="getTitle" classname="com.selenium.AppTest" time="4.13"/>
</testsuite>